2025-05-04 23:25:17,125 - __main__ - INFO - === Starting Board Exam PYQ Scraper ===
2025-05-04 23:25:17,126 - __main__ - INFO - Created directory: downloads
2025-05-04 23:25:17,126 - __main__ - INFO - Created directory: metadata
2025-05-04 23:25:17,126 - __main__ - INFO - Starting to scrape all boards
2025-05-04 23:25:17,126 - __main__ - INFO - Processing board: CBSE
2025-05-04 23:25:17,127 - WDM - INFO - ====== WebDriver manager ======
2025-05-04 23:25:18,101 - WDM - INFO - Get LATEST chromedriver version for google-chrome
2025-05-04 23:25:18,279 - WDM - INFO - Get LATEST chromedriver version for google-chrome
2025-05-04 23:25:18,422 - WDM - INFO - Get LATEST chromedriver version for google-chrome
2025-05-04 23:25:18,836 - WDM - INFO - WebDriver version 124.0.6367.207 selected
2025-05-04 23:25:18,847 - WDM - INFO - Modern chrome version https://storage.googleapis.com/chrome-for-testing-public/124.0.6367.207/win32/chromedriver-win32.zip
2025-05-04 23:25:18,848 - WDM - INFO - About to download new driver from https://storage.googleapis.com/chrome-for-testing-public/124.0.6367.207/win32/chromedriver-win32.zip
2025-05-04 23:25:19,298 - WDM - INFO - Driver downloading response is 200
2025-05-04 23:25:20,522 - WDM - INFO - Get LATEST chromedriver version for google-chrome
2025-05-04 23:25:20,758 - WDM - INFO - Driver has been saved in cache [C:\Users\DEBAYUDH BASU\.wdm\drivers\chromedriver\win64\124.0.6367.207]
2025-05-04 23:25:23,714 - __main__ - INFO - Browser initialized successfully
2025-05-04 23:25:23,715 - __main__ - INFO - Scraping https://cbseacademic.nic.in/qbarchive.html with browser
2025-05-04 23:25:23,980 - __main__ - INFO - Found 0 papers for CBSE
2025-05-04 23:25:23,981 - __main__ - INFO - Scraping https://www.cbse.gov.in/cbsenew/question-paper.html with browser
2025-05-04 23:25:24,061 - __main__ - INFO - Found 0 papers for CBSE
2025-05-04 23:25:24,062 - __main__ - INFO - Saved metadata to metadata\CBSE_papers.json
2025-05-04 23:25:24,062 - __main__ - INFO - Processing board: ICSE
2025-05-04 23:25:24,062 - __main__ - INFO - Scraping https://cisce.org/DownloadPapers.aspx with browser
2025-05-04 23:25:24,933 - __main__ - INFO - Found 0 papers for ICSE
2025-05-04 23:25:24,933 - __main__ - INFO - Saved metadata to metadata\ICSE_papers.json
2025-05-04 23:25:24,934 - __main__ - INFO - Processing board: WB
2025-05-04 23:25:24,934 - __main__ - INFO - Scraping https://wbchse.wb.gov.in/Question-Papers with requests
2025-05-04 23:25:35,002 - __main__ - ERROR - Request failed for https://wbchse.wb.gov.in/Question-Papers: HTTPSConnectionPool(host='wbchse.wb.gov.in', port=443): Max retries exceeded with url: /Question-Papers (Caused by SSLError(SSLError(1, '[SSL: UNSAFE_LEGACY_RENEGOTIATION_DISABLED] unsafe legacy renegotiation disabled (_ssl.c:1000)')))
2025-05-04 23:25:35,005 - __main__ - INFO - Saved metadata to metadata\WB_papers.json
2025-05-04 23:25:38,655 - __main__ - INFO - Browser closed
2025-05-04 23:25:38,655 - __main__ - WARNING - No papers found for analysis
2025-05-04 23:25:38,655 - __main__ - INFO - Scraping completed. Found 0 papers across 3 boards.
2025-05-04 23:25:38,655 - __main__ - INFO - === Board Exam PYQ Scraper Finished ===
